#
# There is insufficient memory for the Java Runtime Environment to continue.
# Native memory allocation (malloc) failed to allocate 1255312 bytes for Chunk::new
# Possible reasons:
#   The system is out of physical RAM or swap space
#   The process is running with CompressedOops enabled, and the Java Heap may be blocking the growth of the native heap
# Possible solutions:
#   Reduce memory load on the system
#   Increase physical memory or swap space
#   Check if swap backing store is full
#   Decrease Java heap size (-Xmx/-Xms)
#   Decrease number of Java threads
#   Decrease Java thread stack sizes (-Xss)
#   Set larger code cache with -XX:ReservedCodeCacheSize=
#   JVM is running with Unscaled Compressed Oops mode in which the Java heap is
#     placed in the first 4GB address space. The Java Heap base address is the
#     maximum limit for the native heap growth. Please use -XX:HeapBaseMinAddress
#     to set the Java Heap base and to place the Java Heap above 4GB virtual address.
# This output file may be truncated or incomplete.
#
#  Out of Memory Error (allocation.cpp:389), pid=15000, tid=0x0000000000000418
#
# JRE version: OpenJDK Runtime Environment (8.0_212-b04) (build 1.8.0_212-release-1586-b04)
# Java VM: OpenJDK 64-Bit Server VM (25.212-b04 mixed mode windows-amd64 compressed oops)
# Failed to write core dump. Minidumps are not enabled by default on client versions of Windows
#

---------------  T H R E A D  ---------------

Current thread (0x00000000163a9800):  JavaThread "C2 CompilerThread0" daemon [_thread_in_native, id=1048, stack(0x00000000173e0000,0x00000000174e0000)]

Stack: [0x00000000173e0000,0x00000000174e0000]
[error occurred during error reporting (printing stack bounds), id 0xc0000005]

Native frames: (J=compiled Java code, j=interpreted, Vv=VM code, C=native code)


Current CompileTask:
C2:6699189 29964 %     4       com.android.tools.r8.ir.regalloc.LinearScanRegisterAllocator::a @ 1470 (1756 bytes)


---------------  P R O C E S S  ---------------

Java Threads: ( => current thread )
  0x000000001ca99800 JavaThread "Cache worker for Java compile cache (D:\test\.gradle\5.6.4\javaCompile)" [_thread_blocked, id=8152, stack(0x000000004b9a0000,0x000000004baa0000)]
  0x000000001ca98000 JavaThread "Cache worker for Java compile cache (C:\Users\User\.gradle\caches\5.6.4\javaCompile)" [_thread_blocked, id=12936, stack(0x000000004b8a0000,0x000000004b9a0000)]
  0x000000001ca96800 JavaThread "WorkerExecutor Queue Thread 2" [_thread_blocked, id=14556, stack(0x000000004b5a0000,0x000000004b6a0000)]
  0x000000001ca93800 JavaThread "stdout" [_thread_in_native, id=9492, stack(0x000000004b4a0000,0x000000004b5a0000)]
  0x000000001ca92000 JavaThread "stderr" [_thread_in_native, id=11340, stack(0x000000004b3a0000,0x000000004b4a0000)]
  0x000000001ca95000 JavaThread "stdout" [_thread_in_native, id=8508, stack(0x000000004b2a0000,0x000000004b3a0000)]
  0x000000001ca98800 JavaThread "stderr" [_thread_in_native, id=10000, stack(0x000000004b1a0000,0x000000004b2a0000)]
  0x000000001ca91000 JavaThread "pool-111-thread-1" [_thread_blocked, id=9272, stack(0x000000004b0a0000,0x000000004b1a0000)]
  0x000000001ca94000 JavaThread "WorkerExecutor Queue" [_thread_blocked, id=6552, stack(0x000000004a4a0000,0x000000004a5a0000)]
  0x000000001ca90800 JavaThread "Cache worker for execution history cache (D:\test\.gradle\5.6.4\executionHistory)" [_thread_blocked, id=7124, stack(0x000000004a3a0000,0x000000004a4a0000)]
  0x0000000018ef8000 JavaThread "Execution worker for ':'" [_thread_in_Java, id=10760, stack(0x000000004a1a0000,0x000000004a2a0000)]
  0x0000000018ef4000 JavaThread "Cache worker for file content cache (D:\test\.gradle\5.6.4\fileContent)" [_thread_blocked, id=14912, stack(0x000000004a0a0000,0x000000004a1a0000)]
  0x000000001b16a000 JavaThread "Cache worker for file content cache (C:\Users\User\.gradle\caches\5.6.4\fileContent)" [_thread_blocked, id=15028, stack(0x0000000049fa0000,0x000000004a0a0000)]
  0x000000001b169000 JavaThread "Cache worker for Build Output Cleanup Cache (D:\test\.gradle\buildOutputCleanup)" [_thread_blocked, id=9324, stack(0x0000000049ea0000,0x0000000049fa0000)]
  0x000000001b16d000 JavaThread "pool-99-thread-1" [_thread_blocked, id=10116, stack(0x0000000049da0000,0x0000000049ea0000)]
  0x000000001b168800 JavaThread "Build operations Thread 2" [_thread_blocked, id=3636, stack(0x0000000049ca0000,0x0000000049da0000)]
  0x000000001b16d800 JavaThread "Build operations" [_thread_blocked, id=14944, stack(0x0000000049ba0000,0x0000000049ca0000)]
  0x000000001b161000 JavaThread "Cache worker for cache directory md-rule (C:\Users\User\.gradle\caches\5.6.4\md-rule)" [_thread_blocked, id=5516, stack(0x0000000049aa0000,0x0000000049ba0000)]
  0x000000001b166000 JavaThread "Cache worker for cache directory md-supplier (C:\Users\User\.gradle\caches\5.6.4\md-supplier)" [_thread_blocked, id=11600, stack(0x00000000499a0000,0x0000000049aa0000)]
  0x000000001b160000 JavaThread "Cache worker for file hash cache (D:\test\.gradle\5.6.4\fileHashes)" [_thread_blocked, id=7748, stack(0x00000000498a0000,0x00000000499a0000)]
  0x000000001b5b3000 JavaThread "Thread-562" [_thread_blocked, id=6492, stack(0x00000000497a0000,0x00000000498a0000)]
  0x000000001b5b4800 JavaThread "Asynchronous log dispatcher for DefaultDaemonConnection: socket connection from /127.0.0.1:55538 to /127.0.0.1:58069" [_thread_blocked, id=14572, stack(0x00000000495a0000,0x00000000496a0000)]
  0x000000001b5ab800 JavaThread "Daemon worker Thread 24" [_thread_in_native, id=5236, stack(0x00000000494a0000,0x00000000495a0000)]
  0x000000001b5b2800 JavaThread "Cancel handler" [_thread_blocked, id=13224, stack(0x00000000493a0000,0x00000000494a0000)]
  0x000000001b5a9800 JavaThread "Handler for socket connection from /127.0.0.1:55538 to /127.0.0.1:58069" [_thread_in_native, id=5224, stack(0x00000000492a0000,0x00000000493a0000)]
  0x000000001b5af800 JavaThread "Daemon Thread 24" [_thread_blocked, id=980, stack(0x00000000491a0000,0x00000000492a0000)]
  0x000000001b163000 JavaThread "Memory manager" [_thread_blocked, id=12864, stack(0x00000000205a0000,0x00000000206a0000)]
  0x0000000018ef5000 JavaThread "Cache worker for execution history cache (C:\Users\User\.gradle\caches\5.6.4\executionHistory)" [_thread_blocked, id=11184, stack(0x000000001d8d0000,0x000000001d9d0000)]
  0x0000000018ef8800 JavaThread "Cache worker for journal cache (C:\Users\User\.gradle\caches\journal-1)" [_thread_blocked, id=8300, stack(0x000000001aa30000,0x000000001ab30000)]
  0x0000000018ef7000 JavaThread "File lock request listener" [_thread_in_native, id=8896, stack(0x000000001a930000,0x000000001aa30000)]
  0x000000001846c000 JavaThread "Cache worker for file hash cache (C:\Users\User\.gradle\caches\5.6.4\fileHashes)" [_thread_blocked, id=15172, stack(0x000000001a630000,0x000000001a730000)]
  0x00000000188a8800 JavaThread "Daemon periodic checks" [_thread_blocked, id=10332, stack(0x0000000019c30000,0x0000000019d30000)]
  0x0000000018c75000 JavaThread "Incoming local TCP Connector on port 55538" [_thread_in_native, id=1068, stack(0x00000000199f0000,0x0000000019af0000)]
  0x0000000017847800 JavaThread "Daemon health stats" [_thread_blocked, id=1052, stack(0x00000000193b0000,0x00000000194b0000)]
  0x0000000016435000 JavaThread "Service Thread" daemon [_thread_blocked, id=13972, stack(0x00000000175e0000,0x00000000176e0000)]
  0x00000000163ad000 JavaThread "C1 CompilerThread1" daemon [_thread_blocked, id=14628, stack(0x00000000174e0000,0x00000000175e0000)]
=>0x00000000163a9800 JavaThread "C2 CompilerThread0" daemon [_thread_in_native, id=1048, stack(0x00000000173e0000,0x00000000174e0000)]
  0x00000000163a8000 JavaThread "Attach Listener" daemon [_thread_blocked, id=12032, stack(0x00000000172e0000,0x00000000173e0000)]
  0x00000000163a4800 JavaThread "Signal Dispatcher" daemon [_thread_blocked, id=5996, stack(0x00000000171e0000,0x00000000172e0000)]
  0x0000000002c71000 JavaThread "Finalizer" daemon [_thread_blocked, id=10008, stack(0x0000000016fe0000,0x00000000170e0000)]
  0x0000000016397000 JavaThread "Reference Handler" daemon [_thread_blocked, id=14584, stack(0x0000000016ee0000,0x0000000016fe0000)]
  0x000000000113d800 JavaThread "main" [_thread_blocked, id=8408, stack(0x00000000029e0000,0x0000000002ae0000)]

Other Threads:
  0x0000000016375000 VMThread [stack: 0x0000000016de0000,0x0000000016ee0000] [id=2284]
  0x0000000016437000 WatcherThread [stack: 0x00000000176e0000,0x00000000177e0000] [id=8500]

VM state:not at safepoint (normal execution)

VM Mutex/Monitor currently owned by a thread: None

heap address: 0x00000000a0000000, size: 1536 MB, Compressed Oops mode: 32-bit
Narrow klass base: 0x0000000000000000, Narrow klass shift: 3
Compressed class space size: 1073741824 Address: 0x0000000100000000

Heap:
 PSYoungGen      total 305664K, used 87365K [0x00000000e0000000, 0x00000000f5800000, 0x0000000100000000)
  eden space 262144K, 32% used [0x00000000e0000000,0x00000000e5391430,0x00000000f0000000)
  from space 43520K, 4% used [0x00000000f2c80000,0x00000000f2e40148,0x00000000f5700000)
  to   space 45056K, 0% used [0x00000000f0000000,0x00000000f0000000,0x00000000f2c00000)
 ParOldGen       total 181248K, used 90553K [0x00000000a0000000, 0x00000000ab100000, 0x00000000e0000000)
  object space 181248K, 49% used [0x00000000a0000000,0x00000000a586e5b0,0x00000000ab100000)
 Metaspace       used 137369K, capacity 149764K, committed 149912K, reserved 1179648K
  class space    used 17830K, capacity 20313K, committed 20376K, reserved 1048576K

Card table byte_map: [0x0000000012040000,0x0000000012350000] byte_map_base: 0x0000000011b40000

Marking Bits: (ParMarkBitMap*) 0x0000000066429f30
 Begin Bits: [0x0000000012750000, 0x0000000013f50000)
 End Bits:   [0x0000000013f50000, 0x0000000015750000)

Polling page: 0x00000000009f0000

CodeCache: size=245760Kb used=83683Kb max_used=84254Kb free=162076Kb
 bounds [0x0000000002c80000, 0x0000000007f50000, 0x0000000011c80000]
 total_blobs=24656 nmethods=23733 adapters=835
 compilation: enabled

Compilation events (10 events):
Event: 6698.392 Thread 0x00000000163ad000 29982       2       com.android.tools.r8.u.b.E::a (48 bytes)
Event: 6698.393 Thread 0x00000000163ad000 nmethod 29982 0x00000000071169d0 code [0x0000000007116b60, 0x0000000007116db8]
Event: 6698.399 Thread 0x00000000163ad000 29983       2       com.android.tools.r8.u.c.z::a (5 bytes)
Event: 6698.400 Thread 0x00000000163ad000 nmethod 29983 0x0000000007562490 code [0x00000000075625e0, 0x0000000007562770]
Event: 6698.420 Thread 0x00000000163ad000 29984 %     3       com.android.tools.r8.utils.l0::a @ 21 (52 bytes)
Event: 6698.421 Thread 0x00000000163ad000 nmethod 29984% 0x000000000795d850 code [0x000000000795da20, 0x000000000795e1a8]
Event: 6698.421 Thread 0x00000000163ad000 29985       3       com.android.tools.r8.utils.l0::a (52 bytes)
Event: 6698.423 Thread 0x00000000163ad000 nmethod 29985 0x0000000007518dd0 code [0x0000000007518fe0, 0x0000000007519b48]
Event: 6698.731 Thread 0x00000000163ad000 29986       2       com.android.tools.r8.u.b.D::a (5 bytes)
Event: 6698.732 Thread 0x00000000163ad000 nmethod 29986 0x0000000007126b10 code [0x0000000007126c80, 0x0000000007126e08]

GC Heap History (10 events):
Event: 6683.513 GC heap before
{Heap before GC invocations=66 (full 4):
 PSYoungGen      total 216064K, used 197479K [0x00000000e0000000, 0x00000000f1300000, 0x0000000100000000)
  eden space 172544K, 100% used [0x00000000e0000000,0x00000000ea880000,0x00000000ea880000)
  from space 43520K, 57% used [0x00000000ea880000,0x00000000ec0d9f38,0x00000000ed300000)
  to   space 42496K, 0% used [0x00000000ee980000,0x00000000ee980000,0x00000000f1300000)
 ParOldGen       total 181248K, used 72399K [0x00000000a0000000, 0x00000000ab100000, 0x00000000e0000000)
  object space 181248K, 39% used [0x00000000a0000000,0x00000000a46b3f28,0x00000000ab100000)
 Metaspace       used 137124K, capacity 149504K, committed 149656K, reserved 1179648K
  class space    used 17822K, capacity 20279K, committed 20376K, reserved 1048576K
Event: 6684.231 GC heap after
Heap after GC invocations=66 (full 4):
 PSYoungGen      total 239616K, used 22184K [0x00000000e0000000, 0x00000000f1700000, 0x0000000100000000)
  eden space 197120K, 0% used [0x00000000e0000000,0x00000000e0000000,0x00000000ec080000)
  from space 42496K, 52% used [0x00000000ee980000,0x00000000eff2a288,0x00000000f1300000)
  to   space 41984K, 0% used [0x00000000ec080000,0x00000000ec080000,0x00000000ee980000)
 ParOldGen       total 181248K, used 79141K [0x00000000a0000000, 0x00000000ab100000, 0x00000000e0000000)
  object space 181248K, 43% used [0x00000000a0000000,0x00000000a4d49628,0x00000000ab100000)
 Metaspace       used 137124K, capacity 149504K, committed 149656K, reserved 1179648K
  class space    used 17822K, capacity 20279K, committed 20376K, reserved 1048576K
}
Event: 6687.051 GC heap before
{Heap before GC invocations=67 (full 4):
 PSYoungGen      total 239616K, used 219304K [0x00000000e0000000, 0x00000000f1700000, 0x0000000100000000)
  eden space 197120K, 100% used [0x00000000e0000000,0x00000000ec080000,0x00000000ec080000)
  from space 42496K, 52% used [0x00000000ee980000,0x00000000eff2a288,0x00000000f1300000)
  to   space 41984K, 0% used [0x00000000ec080000,0x00000000ec080000,0x00000000ee980000)
 ParOldGen       total 181248K, used 79141K [0x00000000a0000000, 0x00000000ab100000, 0x00000000e0000000)
  object space 181248K, 43% used [0x00000000a0000000,0x00000000a4d49628,0x00000000ab100000)
 Metaspace       used 137181K, capacity 149616K, committed 149912K, reserved 1179648K
  class space    used 17825K, capacity 20313K, committed 20376K, reserved 1048576K
Event: 6687.142 GC heap after
Heap after GC invocations=67 (full 4):
 PSYoungGen      total 239104K, used 18733K [0x00000000e0000000, 0x00000000f3200000, 0x0000000100000000)
  eden space 197120K, 0% used [0x00000000e0000000,0x00000000e0000000,0x00000000ec080000)
  from space 41984K, 44% used [0x00000000ec080000,0x00000000ed2cb408,0x00000000ee980000)
  to   space 41984K, 0% used [0x00000000f0900000,0x00000000f0900000,0x00000000f3200000)
 ParOldGen       total 181248K, used 83004K [0x00000000a0000000, 0x00000000ab100000, 0x00000000e0000000)
  object space 181248K, 45% used [0x00000000a0000000,0x00000000a510f0e8,0x00000000ab100000)
 Metaspace       used 137181K, capacity 149616K, committed 149912K, reserved 1179648K
  class space    used 17825K, capacity 20313K, committed 20376K, reserved 1048576K
}
Event: 6690.207 GC heap before
{Heap before GC invocations=68 (full 4):
 PSYoungGen      total 239104K, used 215853K [0x00000000e0000000, 0x00000000f3200000, 0x0000000100000000)
  eden space 197120K, 100% used [0x00000000e0000000,0x00000000ec080000,0x00000000ec080000)
  from space 41984K, 44% used [0x00000000ec080000,0x00000000ed2cb408,0x00000000ee980000)
  to   space 41984K, 0% used [0x00000000f0900000,0x00000000f0900000,0x00000000f3200000)
 ParOldGen       total 181248K, used 83004K [0x00000000a0000000, 0x00000000ab100000, 0x00000000e0000000)
  object space 181248K, 45% used [0x00000000a0000000,0x00000000a510f0e8,0x00000000ab100000)
 Metaspace       used 137260K, capacity 149628K, committed 149912K, reserved 1179648K
  class space    used 17825K, capacity 20313K, committed 20376K, reserved 1048576K
Event: 6690.343 GC heap after
Heap after GC invocations=68 (full 4):
 PSYoungGen      total 270848K, used 14692K [0x00000000e0000000, 0x00000000f3280000, 0x0000000100000000)
  eden space 228864K, 0% used [0x00000000e0000000,0x00000000e0000000,0x00000000edf80000)
  from space 41984K, 34% used [0x00000000f0900000,0x00000000f1759300,0x00000000f3200000)
  to   space 42496K, 0% used [0x00000000edf80000,0x00000000edf80000,0x00000000f0900000)
 ParOldGen       total 181248K, used 86136K [0x00000000a0000000, 0x00000000ab100000, 0x00000000e0000000)
  object space 181248K, 47% used [0x00000000a0000000,0x00000000a541e158,0x00000000ab100000)
 Metaspace       used 137260K, capacity 149628K, committed 149912K, reserved 1179648K
  class space    used 17825K, capacity 20313K, committed 20376K, reserved 1048576K
}
Event: 6693.867 GC heap before
{Heap before GC invocations=69 (full 4):
 PSYoungGen      total 270848K, used 243556K [0x00000000e0000000, 0x00000000f3280000, 0x0000000100000000)
  eden space 228864K, 100% used [0x00000000e0000000,0x00000000edf80000,0x00000000edf80000)
  from space 41984K, 34% used [0x00000000f0900000,0x00000000f1759300,0x00000000f3200000)
  to   space 42496K, 0% used [0x00000000edf80000,0x00000000edf80000,0x00000000f0900000)
 ParOldGen       total 181248K, used 86136K [0x00000000a0000000, 0x00000000ab100000, 0x00000000e0000000)
  object space 181248K, 47% used [0x00000000a0000000,0x00000000a541e158,0x00000000ab100000)
 Metaspace       used 137330K, capacity 149696K, committed 149912K, reserved 1179648K
  class space    used 17830K, capacity 20313K, committed 20376K, reserved 1048576K
Event: 6693.938 GC heap after
Heap after GC invocations=69 (full 4):
 PSYoungGen      total 271360K, used 9629K [0x00000000e0000000, 0x00000000f5700000, 0x0000000100000000)
  eden space 228864K, 0% used [0x00000000e0000000,0x00000000e0000000,0x00000000edf80000)
  from space 42496K, 22% used [0x00000000edf80000,0x00000000ee8e74e8,0x00000000f0900000)
  to   space 43520K, 0% used [0x00000000f2c80000,0x00000000f2c80000,0x00000000f5700000)
 ParOldGen       total 181248K, used 90473K [0x00000000a0000000, 0x00000000ab100000, 0x00000000e0000000)
  object space 181248K, 49% used [0x00000000a0000000,0x00000000a585a5b0,0x00000000ab100000)
 Metaspace       used 137330K, capacity 149696K, committed 149912K, reserved 1179648K
  class space    used 17830K, capacity 20313K, committed 20376K, reserved 1048576K
}
Event: 6697.586 GC heap before
{Heap before GC invocations=70 (full 4):
 PSYoungGen      total 271360K, used 238493K [0x00000000e0000000, 0x00000000f5700000, 0x0000000100000000)
  eden space 228864K, 100% used [0x00000000e0000000,0x00000000edf80000,0x00000000edf80000)
  from space 42496K, 22% used [0x00000000edf80000,0x00000000ee8e74e8,0x00000000f0900000)
  to   space 43520K, 0% used [0x00000000f2c80000,0x00000000f2c80000,0x00000000f5700000)
 ParOldGen       total 181248K, used 90473K [0x00000000a0000000, 0x00000000ab100000, 0x00000000e0000000)
  object space 181248K, 49% used [0x00000000a0000000,0x00000000a585a5b0,0x00000000ab100000)
 Metaspace       used 137365K, capacity 149764K, committed 149912K, reserved 1179648K
  class space    used 17830K, capacity 20313K, committed 20376K, reserved 1048576K
Event: 6697.619 GC heap after
Heap after GC invocations=70 (full 4):
 PSYoungGen      total 305664K, used 1792K [0x00000000e0000000, 0x00000000f5800000, 0x0000000100000000)
  eden space 262144K, 0% used [0x00000000e0000000,0x00000000e0000000,0x00000000f0000000)
  from space 43520K, 4% used [0x00000000f2c80000,0x00000000f2e40148,0x00000000f5700000)
  to   space 45056K, 0% used [0x00000000f0000000,0x00000000f0000000,0x00000000f2c00000)
 ParOldGen       total 181248K, used 90553K [0x00000000a0000000, 0x00000000ab100000, 0x00000000e0000000)
  object space 181248K, 49% used [0x00000000a0000000,0x00000000a586e5b0,0x00000000ab100000)
 Metaspace       used 137365K, capacity 149764K, committed 149912K, reserved 1179648K
  class space    used 17830K, capacity 20313K, committed 20376K, reserved 1048576K
}

Deoptimization events (10 events):
Event: 6681.963 Thread 0x000000001b5ab800 Uncommon trap: reason=class_check action=maybe_recompile pc=0x0000000007a65084 method=com.android.tools.r8.v.a.a.a.f.i.putAll(Ljava/util/Map;)V @ 3
Event: 6684.428 Thread 0x000000001b5ab800 Uncommon trap: reason=unstable_if action=reinterpret pc=0x0000000005be9040 method=java.util.TimSort.countRunAndMakeAscending([Ljava/lang/Object;IILjava/util/Comparator;)I @ 27
Event: 6684.771 Thread 0x0000000018ef8000 Uncommon trap: reason=class_check action=maybe_recompile pc=0x0000000007cffa0c method=com.android.tools.r8.u.c.o.a(Lcom/android/tools/r8/u/c/M;IZ)V @ 472
Event: 6684.772 Thread 0x0000000018ef8000 Uncommon trap: reason=unstable_if action=reinterpret pc=0x0000000006f12968 method=com.android.tools.r8.v.a.a.a.f.c0.get(I)Ljava/lang/Object; @ 8
Event: 6684.772 Thread 0x0000000018ef8000 Uncommon trap: reason=class_check action=maybe_recompile pc=0x0000000007cffa0c method=com.android.tools.r8.u.c.o.a(Lcom/android/tools/r8/u/c/M;IZ)V @ 472
Event: 6684.772 Thread 0x0000000018ef8000 Uncommon trap: reason=class_check action=maybe_recompile pc=0x0000000007cff674 method=com.android.tools.r8.u.c.o.a(Lcom/android/tools/r8/u/c/M;IZ)V @ 526
Event: 6684.784 Thread 0x0000000018ef8000 Uncommon trap: reason=class_check action=maybe_recompile pc=0x0000000007cffa0c method=com.android.tools.r8.u.c.o.a(Lcom/android/tools/r8/u/c/M;IZ)V @ 472
Event: 6688.497 Thread 0x000000001b5ab800 Uncommon trap: reason=unstable_if action=reinterpret pc=0x00000000050be4b8 method=com.android.tools.r8.v.a.a.a.f.x0$e.contains(Ljava/lang/Object;)Z @ 124
Event: 6691.512 Thread 0x0000000018ef8000 Uncommon trap: reason=unstable_if action=reinterpret pc=0x0000000007dd0314 method=com.android.tools.r8.ir.regalloc.LinearScanRegisterAllocator.a(Lcom/android/tools/r8/ir/regalloc/LinearScanRegisterAllocator$a;Z)Lcom/android/tools/r8/ir/regalloc/LinearScan
Event: 6695.190 Thread 0x0000000018ef8000 Uncommon trap: reason=unstable_if action=reinterpret pc=0x00000000058648c0 method=com.android.tools.r8.graph.d0.b(Lcom/android/tools/r8/graph/d0;)I @ 141

Classes redefined (0 events):
No events

Internal exceptions (10 events):
Event: 6696.189 Thread 0x0000000018ef8000 Exception <a 'sun/nio/fs/WindowsException'> (0x00000000e638e878) thrown at [D:\src\AOSP-openjdk-cygwin\jdk8u\hotspot\src\share\vm\prims\jni.cpp, line 710]
Event: 6696.458 Thread 0x000000001b5ab800 Exception <a 'sun/nio/fs/WindowsException'> (0x00000000e8eb2ab8) thrown at [D:\src\AOSP-openjdk-cygwin\jdk8u\hotspot\src\share\vm\prims\jni.cpp, line 710]
Event: 6697.050 Thread 0x0000000018ef8000 Exception <a 'sun/nio/fs/WindowsException'> (0x00000000eca89e68) thrown at [D:\src\AOSP-openjdk-cygwin\jdk8u\hotspot\src\share\vm\prims\jni.cpp, line 710]
Event: 6697.053 Thread 0x000000001b5ab800 Exception <a 'sun/nio/fs/WindowsException'> (0x00000000e8edc5b0) thrown at [D:\src\AOSP-openjdk-cygwin\jdk8u\hotspot\src\share\vm\prims\jni.cpp, line 710]
Event: 6697.078 Thread 0x000000001b5ab800 Exception <a 'sun/nio/fs/WindowsException'> (0x00000000ecda2f48) thrown at [D:\src\AOSP-openjdk-cygwin\jdk8u\hotspot\src\share\vm\prims\jni.cpp, line 710]
Event: 6697.230 Thread 0x0000000018ef8000 Exception <a 'sun/nio/fs/WindowsException'> (0x00000000ecaa7740) thrown at [D:\src\AOSP-openjdk-cygwin\jdk8u\hotspot\src\share\vm\prims\jni.cpp, line 710]
Event: 6697.257 Thread 0x000000001b5ab800 Exception <a 'sun/nio/fs/WindowsException'> (0x00000000ecdc3640) thrown at [D:\src\AOSP-openjdk-cygwin\jdk8u\hotspot\src\share\vm\prims\jni.cpp, line 710]
Event: 6697.387 Thread 0x000000001b5ab800 Exception <a 'sun/nio/fs/WindowsException'> (0x00000000ed19cc20) thrown at [D:\src\AOSP-openjdk-cygwin\jdk8u\hotspot\src\share\vm\prims\jni.cpp, line 710]
Event: 6697.855 Thread 0x000000001b5ab800 Exception <a 'sun/nio/fs/WindowsException'> (0x00000000e18389b8) thrown at [D:\src\AOSP-openjdk-cygwin\jdk8u\hotspot\src\share\vm\prims\jni.cpp, line 710]
Event: 6697.875 Thread 0x0000000018ef8000 Exception <a 'sun/nio/fs/WindowsException'> (0x00000000e17728a0) thrown at [D:\src\AOSP-openjdk-cygwin\jdk8u\hotspot\src\share\vm\prims\jni.cpp, line 710]

Events (10 events):
Event: 6698.423 Thread 0x0000000018ef8000 DEOPT PACKING pc=0x000000000795ed8d sp=0x000000004a29b280
Event: 6698.423 Thread 0x0000000018ef8000 DEOPT UNPACKING pc=0x0000000002cc71d0 sp=0x000000004a29b038 mode 0
Event: 6698.707 Thread 0x0000000018ef8000 DEOPT PACKING pc=0x000000000754e7a6 sp=0x000000004a29b870
Event: 6698.707 Thread 0x0000000018ef8000 DEOPT UNPACKING pc=0x0000000002cc71d0 sp=0x000000004a29b738 mode 0
Event: 6698.715 Thread 0x0000000018ef8000 DEOPT PACKING pc=0x00000000075d7ee0 sp=0x000000004a29b660
Event: 6698.715 Thread 0x0000000018ef8000 DEOPT UNPACKING pc=0x0000000002cc71d0 sp=0x000000004a29b4a8 mode 0
Event: 6699.001 Thread 0x0000000018ef8000 DEOPT PACKING pc=0x000000000754e7a6 sp=0x000000004a29b4c0
Event: 6699.001 Thread 0x0000000018ef8000 DEOPT UNPACKING pc=0x0000000002cc71d0 sp=0x000000004a29b388 mode 0
Event: 6699.022 Thread 0x0000000018ef8000 DEOPT PACKING pc=0x0000000007469e67 sp=0x000000004a29b180
Event: 6699.022 Thread 0x0000000018ef8000 DEOPT UNPACKING pc=0x0000000002cc71d0 sp=0x000000004a29aea0 mode 0


Dynamic libraries:
0x00007ff762650000 - 0x00007ff762681000 	D:\Android\jre\bin\java.exe
0x00007ff95e420000 - 0x00007ff95e60d000 	C:\Windows\SYSTEM32\ntdll.dll
0x00007ff95bae0000 - 0x00007ff95bb93000 	C:\Windows\System32\KERNEL32.DLL
0x00007ff95a920000 - 0x00007ff95abb3000 	C:\Windows\System32\KERNELBASE.dll
0x00007ff95c540000 - 0x00007ff95c5e3000 	C:\Windows\System32\ADVAPI32.dll
0x00007ff95b890000 - 0x00007ff95b92e000 	C:\Windows\System32\msvcrt.dll
0x00007ff95c5f0000 - 0x00007ff95c68e000 	C:\Windows\System32\sechost.dll
0x00007ff95b9b0000 - 0x00007ff95bad2000 	C:\Windows\System32\RPCRT4.dll
0x00007ff95b6f0000 - 0x00007ff95b887000 	C:\Windows\System32\USER32.dll
0x00007ff95b630000 - 0x00007ff95b650000 	C:\Windows\System32\win32u.dll
0x00007ff95bfe0000 - 0x00007ff95c009000 	C:\Windows\System32\GDI32.dll
0x00007ff95a540000 - 0x00007ff95a6da000 	C:\Windows\System32\gdi32full.dll
0x00007ff95b590000 - 0x00007ff95b630000 	C:\Windows\System32\msvcp_win.dll
0x00007ff95ac90000 - 0x00007ff95ad8c000 	C:\Windows\System32\ucrtbase.dll
0x00007ff94aa10000 - 0x00007ff94ac89000 	C:\Windows\WinSxS\amd64_microsoft.windows.common-controls_6595b64144ccf1df_6.0.17763.253_none_05b2388e0721fece\COMCTL32.dll
0x00007ff95c010000 - 0x00007ff95c33d000 	C:\Windows\System32\combase.dll
0x00007ff95adc0000 - 0x00007ff95ae3e000 	C:\Windows\System32\bcryptPrimitives.dll
0x00007ff95b650000 - 0x00007ff95b67e000 	C:\Windows\System32\IMM32.DLL
0x0000000065b80000 - 0x0000000065c52000 	D:\Android\jre\jre\bin\msvcr100.dll
0x0000000065c60000 - 0x00000000664a6000 	D:\Android\jre\jre\bin\server\jvm.dll
0x00007ff95c530000 - 0x00007ff95c538000 	C:\Windows\System32\PSAPI.DLL
0x00007ff956520000 - 0x00007ff956529000 	C:\Windows\SYSTEM32\WSOCK32.dll
0x00007ff95c690000 - 0x00007ff95c6fd000 	C:\Windows\System32\WS2_32.dll
0x00007ff957200000 - 0x00007ff957224000 	C:\Windows\SYSTEM32\WINMM.dll
0x00007ff953cd0000 - 0x00007ff953cda000 	C:\Windows\SYSTEM32\VERSION.dll
0x00007ff9571d0000 - 0x00007ff9571fd000 	C:\Windows\SYSTEM32\WINMMBASE.dll
0x00007ff95a4f0000 - 0x00007ff95a53a000 	C:\Windows\System32\cfgmgr32.dll
0x00007ff956510000 - 0x00007ff95651f000 	D:\Android\jre\jre\bin\verify.dll
0x00007ff93bab0000 - 0x00007ff93bad9000 	D:\Android\jre\jre\bin\java.dll
0x00007ff955500000 - 0x00007ff955516000 	D:\Android\jre\jre\bin\zip.dll
0x00007ff95cc50000 - 0x00007ff95e13f000 	C:\Windows\System32\SHELL32.dll
0x00007ff95beb0000 - 0x00007ff95bf58000 	C:\Windows\System32\shcore.dll
0x00007ff95ae40000 - 0x00007ff95b58a000 	C:\Windows\System32\windows.storage.dll
0x00007ff95a460000 - 0x00007ff95a484000 	C:\Windows\System32\profapi.dll
0x00007ff95a490000 - 0x00007ff95a4ed000 	C:\Windows\System32\powrprof.dll
0x00007ff95b680000 - 0x00007ff95b6d2000 	C:\Windows\System32\shlwapi.dll
0x00007ff95a420000 - 0x00007ff95a431000 	C:\Windows\System32\kernel.appcore.dll
0x00007ff95abc0000 - 0x00007ff95abd7000 	C:\Windows\System32\cryptsp.dll
0x00007ff944120000 - 0x00007ff94413a000 	D:\Android\jre\jre\bin\net.dll
0x00007ff94ee60000 - 0x00007ff94f037000 	C:\Windows\SYSTEM32\urlmon.dll
0x00007ff94f3b0000 - 0x00007ff94f658000 	C:\Windows\SYSTEM32\iertutil.dll
0x00007ff959e20000 - 0x00007ff959e2c000 	C:\Windows\SYSTEM32\CRYPTBASE.DLL
0x00007ff959c50000 - 0x00007ff959cb7000 	C:\Windows\system32\mswsock.dll
0x00007ff943c60000 - 0x00007ff943c73000 	D:\Android\jre\jre\bin\nio.dll
0x00007ff94b3b0000 - 0x00007ff94b3d6000 	C:\Users\User\.gradle\native\30\windows-amd64\native-platform.dll
0x00007ff94b260000 - 0x00007ff94b26d000 	D:\Android\jre\jre\bin\management.dll
0x00007ff959810000 - 0x00007ff959843000 	C:\Windows\system32\rsaenh.dll
0x00007ff95ad90000 - 0x00007ff95adb6000 	C:\Windows\System32\bcrypt.dll
0x00007ff95a320000 - 0x00007ff95a348000 	C:\Windows\SYSTEM32\USERENV.dll
0x00007ff9599b0000 - 0x00007ff9599ed000 	C:\Windows\SYSTEM32\IPHLPAPI.DLL
0x00007ff95e3e0000 - 0x00007ff95e3e8000 	C:\Windows\System32\NSI.dll
0x00007ff94da60000 - 0x00007ff94da76000 	C:\Windows\SYSTEM32\dhcpcsvc6.DLL
0x00007ff94da40000 - 0x00007ff94da5c000 	C:\Windows\SYSTEM32\dhcpcsvc.DLL
0x00007ff9599f0000 - 0x00007ff959ab6000 	C:\Windows\SYSTEM32\DNSAPI.dll
0x00007ff958590000 - 0x00007ff9585b4000 	D:\Android\jre\jre\bin\sunec.dll
0x0000000067390000 - 0x00000000673b6000 	C:\Program Files\Bonjour\mdnsNSP.dll
0x00007ff94b6a0000 - 0x00007ff94b6aa000 	C:\Windows\System32\rasadhlp.dll
0x00007ff94c8a0000 - 0x00007ff94c919000 	C:\Windows\System32\fwpuclnt.dll
0x00007ff9586e0000 - 0x00007ff9586eb000 	D:\Android\jre\jre\bin\sunmscapi.dll
0x00007ff95a6e0000 - 0x00007ff95a8bb000 	C:\Windows\System32\CRYPT32.dll
0x00007ff95a440000 - 0x00007ff95a452000 	C:\Windows\System32\MSASN1.dll
0x00007ff9594f0000 - 0x00007ff959521000 	C:\Windows\SYSTEM32\ntmarta.dll
0x00007ff9586f0000 - 0x00007ff95877c000 	C:\Windows\system32\apphelp.dll

VM Arguments:
jvm_args: -Xmx1536m -Dfile.encoding=windows-1252 -Duser.country=US -Duser.language=en -Duser.variant 
java_command: org.gradle.launcher.daemon.bootstrap.GradleDaemon 5.6.4
java_class_path (initial): C:\Users\User\.gradle\wrapper\dists\gradle-5.6.4-all\ankdp27end7byghfw1q2sw75f\gradle-5.6.4\lib\gradle-launcher-5.6.4.jar
Launcher Type: SUN_STANDARD

Environment Variables:
JAVA_HOME=C:\Program Files\Java\jdk1.8.0_162
PATH=C:\ProgramData\Oracle\Java\javapath;C:\oraclexe\app\oracle\product\11.2.0\server\bin;C:\Windows\system32;C:\Windows;C:\Windows\System32\Wbem;C:\Windows\System32\WindowsPowerShell\v1.0\;C:\Windows\System32\OpenSSH\;C:\TDM-GCC-64\bin;C:\Program Files\Git\cmd;C:\xampp\mysql\bin;D:\IBM\SPSS\Statistics\25\JRE\bin;C:\Users\User\AppData\Local\Programs\Python\Python38\Scripts\;C:\Users\User\AppData\Local\Programs\Python\Python38\;C:\Users\User\AppData\Local\Microsoft\WindowsApps;;C:\Users\User\AppData\Local\Programs\Microsoft VS Code\bin;D:\PyCharm\PyCharm 2020.2.3\bin;
USERNAME=User
OS=Windows_NT
PROCESSOR_IDENTIFIER=AMD64 Family 21 Model 112 Stepping 0, AuthenticAMD



---------------  S Y S T E M  ---------------

OS: Windows 10.0 , 64 bit Build 17763 (10.0.17763.1)

CPU:total 2 (initial active 2) (2 cores per cpu, 1 threads per core) family 21 model 112 stepping 0, cmov, cx8, fxsr, mmx, sse, sse2, sse3, ssse3, sse4.1, sse4.2, popcnt, avx, avx2, aes, clmul, mmxext, 3dnowpref, lzcnt, sse4a, tsc, tscinvbit, tscinv, bmi1

Memory: 4k page, physical 7821944k(386540k free), swap 20441972k(5620k free)

vm_info: OpenJDK 64-Bit Server VM (25.212-b04) for windows-amd64 JRE (1.8.0_212-release-1586-b04), built by "builder" with MS VC++ 10.0 (VS2010)

time: Sun Apr 18 16:30:57 2021
timezone: SE Asia Standard Time
elapsed time: 6699 seconds (0d 1h 51m 39s)

